SF:lib/model/alh_pdf_view_creation_params.dart
DA:28,2
DA:48,4
DA:49,2
DA:50,2
DA:51,4
DA:52,2
DA:53,2
DA:54,2
DA:55,2
DA:56,2
DA:57,2
DA:58,2
DA:59,2
DA:60,2
DA:61,4
DA:62,2
DA:63,2
DA:64,2
DA:65,2
LF:19
LH:19
end_of_record
SF:lib/controller/alh_pdf_internal_controller.dart
DA:12,2
DA:13,6
DA:24,2
DA:28,8
DA:29,4
DA:30,2
DA:37,2
DA:40,4
DA:41,6
LF:9
LH:9
end_of_record
SF:lib/controller/alh_pdf_view_controller.dart
DA:17,2
DA:25,6
DA:26,6
DA:29,2
DA:30,2
DA:31,2
DA:32,2
DA:33,8
DA:36,2
DA:37,2
DA:38,4
DA:39,4
DA:40,4
DA:44,2
DA:45,2
DA:46,8
DA:49,2
DA:50,2
DA:51,4
DA:52,4
DA:53,4
DA:57,2
DA:58,2
DA:59,8
DA:63,0
DA:64,0
DA:70,1
DA:71,3
DA:78,1
DA:79,3
DA:84,1
DA:85,4
DA:91,1
DA:92,3
DA:96,1
DA:97,4
DA:103,1
DA:104,3
DA:112,1
DA:113,2
DA:114,4
DA:118,2
DA:125,1
DA:126,4
DA:127,3
LF:45
LH:43
end_of_record
SF:lib/view/alh_pdf_view.dart
DA:149,2
DA:175,1
DA:176,2
DA:177,2
DA:178,2
DA:179,1
DA:181,1
DA:182,1
DA:191,1
DA:193,1
DA:194,3
DA:197,1
DA:199,2
DA:200,2
DA:201,2
DA:204,1
DA:207,1
DA:209,3
DA:210,4
DA:211,1
DA:214,3
DA:219,1
DA:220,1
DA:225,1
DA:227,3
DA:228,1
DA:231,1
DA:233,2
DA:235,1
DA:236,1
DA:237,1
DA:239,1
DA:243,1
DA:250,1
DA:251,1
DA:252,1
DA:257,0
DA:258,0
DA:261,2
DA:262,2
DA:263,1
DA:266,1
DA:267,1
DA:269,1
DA:270,2
DA:275,0
DA:276,0
DA:284,1
DA:285,1
DA:287,2
DA:288,2
DA:289,2
DA:290,2
DA:291,2
DA:293,2
DA:295,4
DA:297,3
DA:307,1
DA:308,2
DA:309,2
DA:311,2
DA:316,2
DA:317,2
DA:318,2
DA:319,2
DA:320,2
DA:321,2
DA:322,2
DA:323,2
DA:324,2
DA:325,2
DA:326,2
DA:327,2
DA:328,2
DA:329,2
DA:330,2
DA:331,2
DA:332,2
DA:333,2
DA:343,1
LF:80
LH:76
end_of_record
SF:lib/model/fit_policy.dart
DA:10,6
LF:1
LH:1
end_of_record
