SF:lib/model/alh_pdf_view_creation_params.dart
DA:25,2
DA:43,4
DA:44,2
DA:45,2
DA:46,4
DA:47,2
DA:48,2
DA:49,2
DA:50,2
DA:51,2
DA:52,2
DA:53,2
DA:54,2
DA:55,2
DA:56,4
DA:57,2
DA:58,2
LF:17
LH:17
end_of_record
SF:lib/controller/alh_pdf_view_controller.dart
DA:16,2
DA:24,6
DA:25,6
DA:28,2
DA:29,2
DA:30,2
DA:31,2
DA:32,8
DA:35,2
DA:36,2
DA:37,4
DA:38,4
DA:39,4
DA:43,2
DA:44,2
DA:45,8
DA:48,2
DA:49,2
DA:50,4
DA:51,4
DA:52,4
DA:56,2
DA:57,2
DA:58,8
DA:62,0
DA:63,0
DA:71,1
DA:72,4
DA:73,3
DA:77,1
DA:78,3
DA:85,1
DA:86,3
DA:91,1
DA:92,4
DA:100,1
DA:101,2
DA:102,4
DA:106,2
DA:111,1
DA:112,3
DA:116,1
DA:117,4
DA:123,1
DA:124,3
LF:45
LH:43
end_of_record
SF:lib/view/alh_pdf_view.dart
DA:132,2
DA:156,1
DA:157,2
DA:158,1
DA:160,1
DA:161,1
DA:169,1
DA:171,1
DA:172,2
DA:173,2
DA:174,2
DA:175,2
DA:176,2
DA:177,2
DA:178,2
DA:179,2
DA:180,2
DA:181,2
DA:182,2
DA:183,2
DA:184,2
DA:185,2
DA:186,2
DA:189,1
DA:190,1
DA:191,1
DA:193,1
DA:194,2
DA:195,1
DA:198,1
DA:199,1
DA:201,1
DA:202,2
DA:203,1
DA:207,0
DA:208,0
DA:216,1
DA:217,1
DA:219,2
DA:220,2
DA:221,2
DA:222,2
DA:223,2
DA:225,2
DA:227,2
DA:228,3
LF:46
LH:44
end_of_record
SF:lib/model/fit_policy.dart
DA:10,5
LF:1
LH:1
end_of_record
